<?xml version="1.0" encoding="UTF-8"?>
<Site BuildName="Linux-c++"
	BuildStamp="20260303-0702-Experimental"
	Name="pop-os"
	Generator="ctest-3.28.3"
	CompilerName="/usr/bin/c++"
	CompilerVersion="13.3.0"
	OSName="Linux"
	Hostname="pop-os"
	OSRelease="6.18.7-76061807-generic"
	OSVersion="#202601231045~1769703228~24.04~cb87b5b SMP PREEMPT_DYNAMIC Thu J"
	OSPlatform="x86_64"
	Is64Bits="1"
	VendorString="GenuineIntel"
	VendorID="Intel Corporation"
	FamilyID="6"
	ModelID="154"
	ProcessorCacheSize="24576"
	NumberOfLogicalCPU="20"
	NumberOfPhysicalCPU="14"
	TotalVirtualMemory="20479"
	TotalPhysicalMemory="63982"
	LogicalProcessorsPerPhysical="1"
	ProcessorClockFrequency="3300"
	>
	<Testing>
		<StartDateTime>Mar 03 08:02 CET</StartDateTime>
		<StartTestTime>1772521360</StartTestTime>
		<TestList/>
		<EndDateTime>Mar 03 08:02 CET</EndDateTime>
		<EndTestTime>1772521360</EndTestTime>
		<ElapsedMinutes>0</ElapsedMinutes>
	</Testing>
</Site>
